Flat profile:

Each sample counts as 0.01 seconds.
  %   cumulative   self              self     total           
 time   seconds   seconds    calls   s/call   s/call  name    
 84.85      3.52     3.52        4     0.88     1.02  Unordered_RCM
 10.36      3.95     0.43   699773     0.00     0.00  LIST_insert_IF_NOT_EXIST
  0.96      3.99     0.04   708979     0.00     0.00  GRAPH_adjacent
  0.96      4.03     0.04        6     0.01     0.08  GRAPH_bfs
  0.72      4.06     0.03        1     0.03     0.03  MATRIX_permutation
  0.72      4.09     0.03                             COMPARE_dist_degr_DES
  0.48      4.11     0.02        1     0.02     0.02  MATRIX_readCSR
  0.24      4.12     0.01  1914899     0.00     0.00  GRAPH_degree
  0.24      4.13     0.01        5     0.00     0.00  GRAPH_LS_width
  0.24      4.14     0.01        1     0.01     0.07  GRAPH_parallel_fixedpoint_bfs
  0.24      4.15     0.01                             COMPARE_array
  0.00      4.15     0.00   705768     0.00     0.00  LIST_remove
  0.00      4.15     0.00   702896     0.00     0.00  LIST_first
  0.00      4.15     0.00   202196     0.00     0.00  GRAPH_degree_per_level
  0.00      4.15     0.00   196741     0.00     0.00  is_in_mem
  0.00      4.15     0.00   177277     0.00     0.00  update_work_set
  0.00      4.15     0.00   101064     0.00     0.00  GRAPH_adjacent_per_level
  0.00      4.15     0.00    94989     0.00     0.00  has_work
  0.00      4.15     0.00      610     0.00     0.00  init_mem
  0.00      4.15     0.00       15     0.00     0.00  GRAPH_LS_depth
  0.00      4.15     0.00        4     0.00     0.00  pow_uint
  0.00      4.15     0.00        2     0.00     0.00  GRAPH_LS_last_level
  0.00      4.15     0.00        2     0.00     0.00  MATRIX_bandwidth
  0.00      4.15     0.00        2     0.00     0.00  MATRIX_clean
  0.00      4.15     0.00        2     0.00     0.00  MATRIX_envelope
  0.00      4.15     0.00        2     0.00     0.00  get_time
  0.00      4.15     0.00        1     0.00     0.47  GRAPH_LS_peripheral
  0.00      4.15     0.00        1     0.00     0.00  count_nodes_by_level
  0.00      4.15     0.00        1     0.00     0.00  place
  0.00      4.15     0.00        1     0.00     0.00  prefix_sum

 %         the percentage of the total running time of the
time       program used by this function.

cumulative a running sum of the number of seconds accounted
 seconds   for by this function and those listed above it.

 self      the number of seconds accounted for by this
seconds    function alone.  This is the major sort for this
           listing.

calls      the number of times this function was invoked, if
           this function is profiled, else blank.
 
 self      the average number of milliseconds spent in this
ms/call    function per call, if this function is profiled,
	   else blank.

 total     the average number of milliseconds spent in this
ms/call    function and its descendents per call, if this 
	   function is profiled, else blank.

name       the name of the function.  This is the minor sort
           for this listing. The index shows the location of
	   the function in the gprof listing. If the index is
	   in parenthesis it shows where it would appear in
	   the gprof listing if it were to be printed.

Copyright (C) 2012 Free Software Foundation, Inc.

Copying and distribution of this file, with or without modification,
are permitted in any medium without royalty provided the copyright
notice and this notice are preserved.

		     Call graph (explanation follows)


granularity: each sample hit covers 2 byte(s) for 0.24% of 4.15 seconds

index % time    self  children    called     name
                                                 <spontaneous>
[1]     99.0    0.00    4.11                 main [1]
                3.52    0.54       1/1           Unordered_RCM <cycle 1> [3]
                0.03    0.00       1/1           MATRIX_permutation [10]
                0.02    0.00       1/1           MATRIX_readCSR [12]
                0.00    0.00       2/2           MATRIX_bandwidth [26]
                0.00    0.00       2/2           MATRIX_envelope [28]
                0.00    0.00       2/2           get_time [29]
                0.00    0.00       1/2           MATRIX_clean [27]
-----------------------------------------------
[2]     97.8    3.52    0.54       1+5       <cycle 1 as a whole> [2]
                3.52    0.54       4             Unordered_RCM <cycle 1> [3]
                0.00    0.00       1             place <cycle 1> [31]
                0.00    0.00       1             prefix_sum <cycle 1> [32]
-----------------------------------------------
                                   1             prefix_sum <cycle 1> [32]
                                   2             place <cycle 1> [31]
                3.52    0.54       1/1           main [1]
[3]     97.8    3.52    0.54       4         Unordered_RCM <cycle 1> [3]
                0.00    0.47       1/1           GRAPH_LS_peripheral [4]
                0.01    0.06       1/1           GRAPH_parallel_fixedpoint_bfs [7]
                0.00    0.00  101064/101064      GRAPH_adjacent_per_level [17]
                0.00    0.00  196741/196741      is_in_mem [21]
                0.00    0.00  101015/202196      GRAPH_degree_per_level [20]
                0.00    0.00     610/610         init_mem [23]
                0.00    0.00       4/4           pow_uint [25]
                0.00    0.00       1/1           count_nodes_by_level [30]
                                   1             prefix_sum <cycle 1> [32]
                                   1             place <cycle 1> [31]
-----------------------------------------------
                0.00    0.47       1/1           Unordered_RCM <cycle 1> [3]
[4]     11.3    0.00    0.47       1         GRAPH_LS_peripheral [4]
                0.04    0.42       6/6           GRAPH_bfs [5]
                0.01    0.00       5/5           GRAPH_LS_width [14]
                0.00    0.00       2/2           GRAPH_LS_last_level [16]
                0.00    0.00  102158/1914899     GRAPH_degree [13]
                0.00    0.00       8/15          GRAPH_LS_depth [24]
                0.00    0.00       4/702896      LIST_first [19]
                0.00    0.00       4/705768      LIST_remove [18]
-----------------------------------------------
                0.04    0.42       6/6           GRAPH_LS_peripheral [4]
[5]     11.0    0.04    0.42       6         GRAPH_bfs [5]
                0.38    0.00  612948/699773      LIST_insert_IF_NOT_EXIST [6]
                0.03    0.00  612948/708979      GRAPH_adjacent [9]
                0.00    0.00  612948/1914899     GRAPH_degree [13]
                0.00    0.00  612948/702896      LIST_first [19]
                0.00    0.00  612948/705768      LIST_remove [18]
-----------------------------------------------
                0.00    0.00       1/699773      GRAPH_parallel_fixedpoint_bfs [7]
                0.00    0.00       4/699773      GRAPH_LS_last_level [16]
                0.05    0.00   86820/699773      update_work_set [8]
                0.38    0.00  612948/699773      GRAPH_bfs [5]
[6]     10.4    0.43    0.00  699773         LIST_insert_IF_NOT_EXIST [6]
-----------------------------------------------
                0.01    0.06       1/1           Unordered_RCM <cycle 1> [3]
[7]      1.7    0.01    0.06       1         GRAPH_parallel_fixedpoint_bfs [7]
                0.00    0.05  177277/177277      update_work_set [8]
                0.01    0.00   96031/708979      GRAPH_adjacent [9]
                0.00    0.00   92071/1914899     GRAPH_degree [13]
                0.00    0.00       1/699773      LIST_insert_IF_NOT_EXIST [6]
                0.00    0.00   94989/94989       has_work [22]
-----------------------------------------------
                0.00    0.05  177277/177277      GRAPH_parallel_fixedpoint_bfs [7]
[8]      1.3    0.00    0.05  177277         update_work_set [8]
                0.05    0.00   86820/699773      LIST_insert_IF_NOT_EXIST [6]
                0.00    0.00   92816/705768      LIST_remove [18]
                0.00    0.00   89944/702896      LIST_first [19]
-----------------------------------------------
                0.01    0.00   96031/708979      GRAPH_parallel_fixedpoint_bfs [7]
                0.03    0.00  612948/708979      GRAPH_bfs [5]
[9]      1.1    0.04    0.00  708979         GRAPH_adjacent [9]
                0.00    0.00  706841/1914899     GRAPH_degree [13]
-----------------------------------------------
                0.03    0.00       1/1           main [1]
[10]     0.7    0.03    0.00       1         MATRIX_permutation [10]
                0.00    0.00       1/2           MATRIX_clean [27]
-----------------------------------------------
                                                 <spontaneous>
[11]     0.7    0.03    0.00                 COMPARE_dist_degr_DES [11]
-----------------------------------------------
                0.02    0.00       1/1           main [1]
[12]     0.5    0.02    0.00       1         MATRIX_readCSR [12]
-----------------------------------------------
                0.00    0.00   92071/1914899     GRAPH_parallel_fixedpoint_bfs [7]
                0.00    0.00  102158/1914899     GRAPH_LS_peripheral [4]
                0.00    0.00  196565/1914899     GRAPH_adjacent_per_level [17]
                0.00    0.00  204316/1914899     GRAPH_LS_last_level [16]
                0.00    0.00  612948/1914899     GRAPH_bfs [5]
                0.00    0.00  706841/1914899     GRAPH_adjacent [9]
[13]     0.2    0.01    0.00 1914899         GRAPH_degree [13]
-----------------------------------------------
                0.01    0.00       5/5           GRAPH_LS_peripheral [4]
[14]     0.2    0.01    0.00       5         GRAPH_LS_width [14]
                0.00    0.00       5/15          GRAPH_LS_depth [24]
-----------------------------------------------
                                                 <spontaneous>
[15]     0.2    0.01    0.00                 COMPARE_array [15]
-----------------------------------------------
                0.00    0.00       2/2           GRAPH_LS_peripheral [4]
[16]     0.0    0.00    0.00       2         GRAPH_LS_last_level [16]
                0.00    0.00  204316/1914899     GRAPH_degree [13]
                0.00    0.00       4/699773      LIST_insert_IF_NOT_EXIST [6]
                0.00    0.00       2/15          GRAPH_LS_depth [24]
-----------------------------------------------
                0.00    0.00  101064/101064      Unordered_RCM <cycle 1> [3]
[17]     0.0    0.00    0.00  101064         GRAPH_adjacent_per_level [17]
                0.00    0.00  196565/1914899     GRAPH_degree [13]
                0.00    0.00  101181/202196      GRAPH_degree_per_level [20]
-----------------------------------------------
                0.00    0.00       4/705768      GRAPH_LS_peripheral [4]
                0.00    0.00   92816/705768      update_work_set [8]
                0.00    0.00  612948/705768      GRAPH_bfs [5]
[18]     0.0    0.00    0.00  705768         LIST_remove [18]
-----------------------------------------------
                0.00    0.00       4/702896      GRAPH_LS_peripheral [4]
                0.00    0.00   89944/702896      update_work_set [8]
                0.00    0.00  612948/702896      GRAPH_bfs [5]
[19]     0.0    0.00    0.00  702896         LIST_first [19]
-----------------------------------------------
                0.00    0.00  101015/202196      Unordered_RCM <cycle 1> [3]
                0.00    0.00  101181/202196      GRAPH_adjacent_per_level [17]
[20]     0.0    0.00    0.00  202196         GRAPH_degree_per_level [20]
-----------------------------------------------
                0.00    0.00  196741/196741      Unordered_RCM <cycle 1> [3]
[21]     0.0    0.00    0.00  196741         is_in_mem [21]
-----------------------------------------------
                0.00    0.00   94989/94989       GRAPH_parallel_fixedpoint_bfs [7]
[22]     0.0    0.00    0.00   94989         has_work [22]
-----------------------------------------------
                0.00    0.00     610/610         Unordered_RCM <cycle 1> [3]
[23]     0.0    0.00    0.00     610         init_mem [23]
-----------------------------------------------
                0.00    0.00       2/15          GRAPH_LS_last_level [16]
                0.00    0.00       5/15          GRAPH_LS_width [14]
                0.00    0.00       8/15          GRAPH_LS_peripheral [4]
[24]     0.0    0.00    0.00      15         GRAPH_LS_depth [24]
-----------------------------------------------
                0.00    0.00       4/4           Unordered_RCM <cycle 1> [3]
[25]     0.0    0.00    0.00       4         pow_uint [25]
-----------------------------------------------
                0.00    0.00       2/2           main [1]
[26]     0.0    0.00    0.00       2         MATRIX_bandwidth [26]
-----------------------------------------------
                0.00    0.00       1/2           main [1]
                0.00    0.00       1/2           MATRIX_permutation [10]
[27]     0.0    0.00    0.00       2         MATRIX_clean [27]
-----------------------------------------------
                0.00    0.00       2/2           main [1]
[28]     0.0    0.00    0.00       2         MATRIX_envelope [28]
-----------------------------------------------
                0.00    0.00       2/2           main [1]
[29]     0.0    0.00    0.00       2         get_time [29]
-----------------------------------------------
                0.00    0.00       1/1           Unordered_RCM <cycle 1> [3]
[30]     0.0    0.00    0.00       1         count_nodes_by_level [30]
-----------------------------------------------
                                   1             Unordered_RCM <cycle 1> [3]
[31]     0.0    0.00    0.00       1         place <cycle 1> [31]
                                   2             Unordered_RCM <cycle 1> [3]
-----------------------------------------------
                                   1             Unordered_RCM <cycle 1> [3]
[32]     0.0    0.00    0.00       1         prefix_sum <cycle 1> [32]
                                   1             Unordered_RCM <cycle 1> [3]
-----------------------------------------------

 This table describes the call tree of the program, and was sorted by
 the total amount of time spent in each function and its children.

 Each entry in this table consists of several lines.  The line with the
 index number at the left hand margin lists the current function.
 The lines above it list the functions that called this function,
 and the lines below it list the functions this one called.
 This line lists:
     index	A unique number given to each element of the table.
		Index numbers are sorted numerically.
		The index number is printed next to every function name so
		it is easier to look up where the function is in the table.

     % time	This is the percentage of the `total' time that was spent
		in this function and its children.  Note that due to
		different viewpoints, functions excluded by options, etc,
		these numbers will NOT add up to 100%.

     self	This is the total amount of time spent in this function.

     children	This is the total amount of time propagated into this
		function by its children.

     called	This is the number of times the function was called.
		If the function called itself recursively, the number
		only includes non-recursive calls, and is followed by
		a `+' and the number of recursive calls.

     name	The name of the current function.  The index number is
		printed after it.  If the function is a member of a
		cycle, the cycle number is printed between the
		function's name and the index number.


 For the function's parents, the fields have the following meanings:

     self	This is the amount of time that was propagated directly
		from the function into this parent.

     children	This is the amount of time that was propagated from
		the function's children into this parent.

     called	This is the number of times this parent called the
		function `/' the total number of times the function
		was called.  Recursive calls to the function are not
		included in the number after the `/'.

     name	This is the name of the parent.  The parent's index
		number is printed after it.  If the parent is a
		member of a cycle, the cycle number is printed between
		the name and the index number.

 If the parents of the function cannot be determined, the word
 `<spontaneous>' is printed in the `name' field, and all the other
 fields are blank.

 For the function's children, the fields have the following meanings:

     self	This is the amount of time that was propagated directly
		from the child into the function.

     children	This is the amount of time that was propagated from the
		child's children to the function.

     called	This is the number of times the function called
		this child `/' the total number of times the child
		was called.  Recursive calls by the child are not
		listed in the number after the `/'.

     name	This is the name of the child.  The child's index
		number is printed after it.  If the child is a
		member of a cycle, the cycle number is printed
		between the name and the index number.

 If there are any cycles (circles) in the call graph, there is an
 entry for the cycle-as-a-whole.  This entry shows who called the
 cycle (as parents) and the members of the cycle (as children.)
 The `+' recursive calls entry shows the number of function calls that
 were internal to the cycle, and the calls entry for each member shows,
 for that member, how many times it was called from other members of
 the cycle.

Copyright (C) 2012 Free Software Foundation, Inc.

Copying and distribution of this file, with or without modification,
are permitted in any medium without royalty provided the copyright
notice and this notice are preserved.

Index by function name

  [15] COMPARE_array           [7] GRAPH_parallel_fixedpoint_bfs [29] get_time
  [11] COMPARE_dist_degr_DES  [19] LIST_first             [22] has_work
  [24] GRAPH_LS_depth          [6] LIST_insert_IF_NOT_EXIST [23] init_mem
  [16] GRAPH_LS_last_level    [18] LIST_remove            [21] is_in_mem
   [4] GRAPH_LS_peripheral    [26] MATRIX_bandwidth       [31] place
  [14] GRAPH_LS_width         [27] MATRIX_clean           [25] pow_uint
   [9] GRAPH_adjacent         [28] MATRIX_envelope        [32] prefix_sum
  [17] GRAPH_adjacent_per_level [10] MATRIX_permutation    [8] update_work_set
   [5] GRAPH_bfs              [12] MATRIX_readCSR          [2] <cycle 1>
  [13] GRAPH_degree            [3] Unordered_RCM
  [20] GRAPH_degree_per_level [30] count_nodes_by_level
